This is pdfTeX, Version 3.14159265-2.6-1.40.21 (TeX Live 2020/W32TeX) (preloaded format=pdflatex 2020.8.20)  24 AUG 2020 18:16
entering extended mode
 restricted \write18 enabled.
 file:line:error style messages enabled.
 %&-line parsing enabled.
**"c:/Users/Roussel/Dropbox/Unistra/SEMESTRE 2/Projet & Stage/Inverse/REPO_2D/doc/presentation/main.tex"
(c:/Users/Roussel/Dropbox/Unistra/SEMESTRE 2/Projet & Stage/Inverse/REPO_2D/doc/presentation/main.tex
LaTeX2e <2020-02-02> patch level 5
L3 programming layer <2020-08-07> (d:/Program Files/texlive/2020/texmf-dist/tex/latex/beamer/beamer.cls
Document Class: beamer 2020/07/22 v3.59 A class for typesetting presentations
(d:/Program Files/texlive/2020/texmf-dist/tex/latex/beamer/beamerbasemodes.sty (d:/Program Files/texlive/2020/texmf-dist/tex/latex/etoolbox/etoolbox.sty
Package: etoolbox 2020/07/15 v2.5i e-TeX tools for LaTeX (JAW)
\etb@tempcnta=\count168
)
\beamer@tempbox=\box45
\beamer@tempcount=\count169
\c@beamerpauses=\count170
 (d:/Program Files/texlive/2020/texmf-dist/tex/latex/beamer/beamerbasedecode.sty
\beamer@slideinframe=\count171
\beamer@minimum=\count172
\beamer@decode@box=\box46
)
\beamer@commentbox=\box47
\beamer@modecount=\count173
) (d:/Program Files/texlive/2020/texmf-dist/tex/generic/iftex/ifpdf.sty
Package: ifpdf 2019/10/25 v3.4 ifpdf legacy package. Use iftex instead.
 (d:/Program Files/texlive/2020/texmf-dist/tex/generic/iftex/iftex.sty
Package: iftex 2020/03/06 v1.0d TeX engine tests
))
\headdp=\dimen134
\footheight=\dimen135
\sidebarheight=\dimen136
\beamer@tempdim=\dimen137
\beamer@finalheight=\dimen138
\beamer@animht=\dimen139
\beamer@animdp=\dimen140
\beamer@animwd=\dimen141
\beamer@leftmargin=\dimen142
\beamer@rightmargin=\dimen143
\beamer@leftsidebar=\dimen144
\beamer@rightsidebar=\dimen145
\beamer@boxsize=\dimen146
\beamer@vboxoffset=\dimen147
\beamer@descdefault=\dimen148
\beamer@descriptionwidth=\dimen149
\beamer@lastskip=\skip47
\beamer@areabox=\box48
\beamer@animcurrent=\box49
\beamer@animshowbox=\box50
\beamer@sectionbox=\box51
\beamer@logobox=\box52
\beamer@linebox=\box53
\beamer@sectioncount=\count174
\beamer@subsubsectionmax=\count175
\beamer@subsectionmax=\count176
\beamer@sectionmax=\count177
\beamer@totalheads=\count178
\beamer@headcounter=\count179
\beamer@partstartpage=\count180
\beamer@sectionstartpage=\count181
\beamer@subsectionstartpage=\count182
\beamer@animationtempa=\count183
\beamer@animationtempb=\count184
\beamer@xpos=\count185
\beamer@ypos=\count186
\beamer@ypos@offset=\count187
\beamer@showpartnumber=\count188
\beamer@currentsubsection=\count189
\beamer@coveringdepth=\count190
\beamer@sectionadjust=\count191
\beamer@tocsectionnumber=\count192
 (d:/Program Files/texlive/2020/texmf-dist/tex/latex/beamer/beamerbaseoptions.sty (d:/Program Files/texlive/2020/texmf-dist/tex/latex/graphics/keyval.sty
Package: keyval 2014/10/28 v1.15 key=value parser (DPC)
\KV@toks@=\toks15
))
\beamer@paperwidth=\skip48
\beamer@paperheight=\skip49
 (d:/Program Files/texlive/2020/texmf-dist/tex/latex/geometry/geometry.sty
Package: geometry 2020/01/02 v5.9 Page Geometry
 (d:/Program Files/texlive/2020/texmf-dist/tex/generic/iftex/ifvtex.sty
Package: ifvtex 2019/10/25 v1.7 ifvtex legacy package. Use iftex instead.
)
\Gm@cnth=\count193
\Gm@cntv=\count194
\c@Gm@tempcnt=\count195
\Gm@bindingoffset=\dimen150
\Gm@wd@mp=\dimen151
\Gm@odd@mp=\dimen152
\Gm@even@mp=\dimen153
\Gm@layoutwidth=\dimen154
\Gm@layoutheight=\dimen155
\Gm@layouthoffset=\dimen156
\Gm@layoutvoffset=\dimen157
\Gm@dimlist=\toks16
) (d:/Program Files/texlive/2020/texmf-dist/tex/latex/base/size11.clo
File: size11.clo 2019/12/20 v1.4l Standard LaTeX file (size option)
) (d:/Program Files/texlive/2020/texmf-dist/tex/latex/pgf/basiclayer/pgfcore.sty (d:/Program Files/texlive/2020/texmf-dist/tex/latex/graphics/graphicx.sty
Package: graphicx 2019/11/30 v1.2a Enhanced LaTeX Graphics (DPC,SPQR)
 (d:/Program Files/texlive/2020/texmf-dist/tex/latex/graphics/graphics.sty
Package: graphics 2019/11/30 v1.4a Standard LaTeX Graphics (DPC,SPQR)
 (d:/Program Files/texlive/2020/texmf-dist/tex/latex/graphics/trig.sty
Package: trig 2016/01/03 v1.10 sin cos tan (DPC)
) (d:/Program Files/texlive/2020/texmf-dist/tex/latex/graphics-cfg/graphics.cfg
File: graphics.cfg 2016/06/04 v1.11 sample graphics configuration
)
Package graphics Info: Driver file: pdftex.def on input line 105.
 (d:/Program Files/texlive/2020/texmf-dist/tex/latex/graphics-def/pdftex.def
File: pdftex.def 2018/01/08 v1.0l Graphics/color driver for pdftex
))
\Gin@req@height=\dimen158
\Gin@req@width=\dimen159
) (d:/Program Files/texlive/2020/texmf-dist/tex/latex/pgf/systemlayer/pgfsys.sty (d:/Program Files/texlive/2020/texmf-dist/tex/latex/pgf/utilities/pgfrcs.sty (d:/Program Files/texlive/2020/texmf-dist/tex/generic/pgf/utilities/pgfutil-common.tex
\pgfutil@everybye=\toks17
\pgfutil@tempdima=\dimen160
\pgfutil@tempdimb=\dimen161
 (d:/Program Files/texlive/2020/texmf-dist/tex/generic/pgf/utilities/pgfutil-common-lists.tex)) (d:/Program Files/texlive/2020/texmf-dist/tex/generic/pgf/utilities/pgfutil-latex.def
\pgfutil@abb=\box54
 (d:/Program Files/texlive/2020/texmf-dist/tex/latex/ms/everyshi.sty
Package: everyshi 2001/05/15 v3.00 EveryShipout Package (MS)
)) (d:/Program Files/texlive/2020/texmf-dist/tex/generic/pgf/utilities/pgfrcs.code.tex (d:/Program Files/texlive/2020/texmf-dist/tex/generic/pgf/pgf.revision.tex)
Package: pgfrcs 2020/01/08 v3.1.5b (3.1.5b)
)) (d:/Program Files/texlive/2020/texmf-dist/tex/generic/pgf/systemlayer/pgfsys.code.tex
Package: pgfsys 2020/01/08 v3.1.5b (3.1.5b)
 (d:/Program Files/texlive/2020/texmf-dist/tex/generic/pgf/utilities/pgfkeys.code.tex
\pgfkeys@pathtoks=\toks18
\pgfkeys@temptoks=\toks19
 (d:/Program Files/texlive/2020/texmf-dist/tex/generic/pgf/utilities/pgfkeysfiltered.code.tex
\pgfkeys@tmptoks=\toks20
))
\pgf@x=\dimen162
\pgf@y=\dimen163
\pgf@xa=\dimen164
\pgf@ya=\dimen165
\pgf@xb=\dimen166
\pgf@yb=\dimen167
\pgf@xc=\dimen168
\pgf@yc=\dimen169
\pgf@xd=\dimen170
\pgf@yd=\dimen171
\w@pgf@writea=\write3
\r@pgf@reada=\read2
\c@pgf@counta=\count196
\c@pgf@countb=\count197
\c@pgf@countc=\count198
\c@pgf@countd=\count199
\t@pgf@toka=\toks21
\t@pgf@tokb=\toks22
\t@pgf@tokc=\toks23
\pgf@sys@id@count=\count266
 (d:/Program Files/texlive/2020/texmf-dist/tex/generic/pgf/systemlayer/pgf.cfg
File: pgf.cfg 2020/01/08 v3.1.5b (3.1.5b)
)
Driver file for pgf: pgfsys-pdftex.def
 (d:/Program Files/texlive/2020/texmf-dist/tex/generic/pgf/systemlayer/pgfsys-pdftex.def
File: pgfsys-pdftex.def 2020/01/08 v3.1.5b (3.1.5b)
 (d:/Program Files/texlive/2020/texmf-dist/tex/generic/pgf/systemlayer/pgfsys-common-pdf.def
File: pgfsys-common-pdf.def 2020/01/08 v3.1.5b (3.1.5b)
))) (d:/Program Files/texlive/2020/texmf-dist/tex/generic/pgf/systemlayer/pgfsyssoftpath.code.tex
File: pgfsyssoftpath.code.tex 2020/01/08 v3.1.5b (3.1.5b)
\pgfsyssoftpath@smallbuffer@items=\count267
\pgfsyssoftpath@bigbuffer@items=\count268
) (d:/Program Files/texlive/2020/texmf-dist/tex/generic/pgf/systemlayer/pgfsysprotocol.code.tex
File: pgfsysprotocol.code.tex 2020/01/08 v3.1.5b (3.1.5b)
)) (d:/Program Files/texlive/2020/texmf-dist/tex/latex/xcolor/xcolor.sty
Package: xcolor 2016/05/11 v2.12 LaTeX color extensions (UK)
 (d:/Program Files/texlive/2020/texmf-dist/tex/latex/graphics-cfg/color.cfg
File: color.cfg 2016/01/02 v1.6 sample color configuration
)
Package xcolor Info: Driver file: pdftex.def on input line 225.
Package xcolor Info: Model `cmy' substituted by `cmy0' on input line 1348.
Package xcolor Info: Model `hsb' substituted by `rgb' on input line 1352.
Package xcolor Info: Model `RGB' extended on input line 1364.
Package xcolor Info: Model `HTML' substituted by `rgb' on input line 1366.
Package xcolor Info: Model `Hsb' substituted by `hsb' on input line 1367.
Package xcolor Info: Model `tHsb' substituted by `hsb' on input line 1368.
Package xcolor Info: Model `HSB' substituted by `hsb' on input line 1369.
Package xcolor Info: Model `Gray' substituted by `gray' on input line 1370.
Package xcolor Info: Model `wave' substituted by `hsb' on input line 1371.
 (d:/Program Files/texlive/2020/texmf-dist/tex/latex/graphics/dvipsnam.def
File: dvipsnam.def 2016/06/17 v3.0m Driver-dependent file (DPC,SPQR)
)) (d:/Program Files/texlive/2020/texmf-dist/tex/generic/pgf/basiclayer/pgfcore.code.tex
Package: pgfcore 2020/01/08 v3.1.5b (3.1.5b)
 (d:/Program Files/texlive/2020/texmf-dist/tex/generic/pgf/math/pgfmath.code.tex (d:/Program Files/texlive/2020/texmf-dist/tex/generic/pgf/math/pgfmathcalc.code.tex (d:/Program Files/texlive/2020/texmf-dist/tex/generic/pgf/math/pgfmathutil.code.tex) (d:/Program Files/texlive/2020/texmf-dist/tex/generic/pgf/math/pgfmathparser.code.tex
\pgfmath@dimen=\dimen172
\pgfmath@count=\count269
\pgfmath@box=\box55
\pgfmath@toks=\toks24
\pgfmath@stack@operand=\toks25
\pgfmath@stack@operation=\toks26
) (d:/Program Files/texlive/2020/texmf-dist/tex/generic/pgf/math/pgfmathfunctions.code.tex (d:/Program Files/texlive/2020/texmf-dist/tex/generic/pgf/math/pgfmathfunctions.basic.code.tex) (d:/Program Files/texlive/2020/texmf-dist/tex/generic/pgf/math/pgfmathfunctions.trigonometric.code.tex) (d:/Program Files/texlive/2020/texmf-dist/tex/generic/pgf/math/pgfmathfunctions.random.code.tex) (d:/Program Files/texlive/2020/texmf-dist/tex/generic/pgf/math/pgfmathfunctions.comparison.code.tex) (d:/Program Files/texlive/2020/texmf-dist/tex/generic/pgf/math/pgfmathfunctions.base.code.tex) (d:/Program Files/texlive/2020/texmf-dist/tex/generic/pgf/math/pgfmathfunctions.round.code.tex) (d:/Program Files/texlive/2020/texmf-dist/tex/generic/pgf/math/pgfmathfunctions.misc.code.tex) (d:/Program Files/texlive/2020/texmf-dist/tex/generic/pgf/math/pgfmathfunctions.integerarithmetics.code.tex))) (d:/Program Files/texlive/2020/texmf-dist/tex/generic/pgf/math/pgfmathfloat.code.tex
\c@pgfmathroundto@lastzeros=\count270
)) (d:/Program Files/texlive/2020/texmf-dist/tex/generic/pgf/math/pgfint.code.tex) (d:/Program Files/texlive/2020/texmf-dist/tex/generic/pgf/basiclayer/pgfcorepoints.code.tex
File: pgfcorepoints.code.tex 2020/01/08 v3.1.5b (3.1.5b)
\pgf@picminx=\dimen173
\pgf@picmaxx=\dimen174
\pgf@picminy=\dimen175
\pgf@picmaxy=\dimen176
\pgf@pathminx=\dimen177
\pgf@pathmaxx=\dimen178
\pgf@pathminy=\dimen179
\pgf@pathmaxy=\dimen180
\pgf@xx=\dimen181
\pgf@xy=\dimen182
\pgf@yx=\dimen183
\pgf@yy=\dimen184
\pgf@zx=\dimen185
\pgf@zy=\dimen186
) (d:/Program Files/texlive/2020/texmf-dist/tex/generic/pgf/basiclayer/pgfcorepathconstruct.code.tex
File: pgfcorepathconstruct.code.tex 2020/01/08 v3.1.5b (3.1.5b)
\pgf@path@lastx=\dimen187
\pgf@path@lasty=\dimen188
) (d:/Program Files/texlive/2020/texmf-dist/tex/generic/pgf/basiclayer/pgfcorepathusage.code.tex
File: pgfcorepathusage.code.tex 2020/01/08 v3.1.5b (3.1.5b)
\pgf@shorten@end@additional=\dimen189
\pgf@shorten@start@additional=\dimen190
) (d:/Program Files/texlive/2020/texmf-dist/tex/generic/pgf/basiclayer/pgfcorescopes.code.tex
File: pgfcorescopes.code.tex 2020/01/08 v3.1.5b (3.1.5b)
\pgfpic=\box56
\pgf@hbox=\box57
\pgf@layerbox@main=\box58
\pgf@picture@serial@count=\count271
) (d:/Program Files/texlive/2020/texmf-dist/tex/generic/pgf/basiclayer/pgfcoregraphicstate.code.tex
File: pgfcoregraphicstate.code.tex 2020/01/08 v3.1.5b (3.1.5b)
\pgflinewidth=\dimen191
) (d:/Program Files/texlive/2020/texmf-dist/tex/generic/pgf/basiclayer/pgfcoretransformations.code.tex
File: pgfcoretransformations.code.tex 2020/01/08 v3.1.5b (3.1.5b)
\pgf@pt@x=\dimen192
\pgf@pt@y=\dimen193
\pgf@pt@temp=\dimen194
) (d:/Program Files/texlive/2020/texmf-dist/tex/generic/pgf/basiclayer/pgfcorequick.code.tex
File: pgfcorequick.code.tex 2020/01/08 v3.1.5b (3.1.5b)
) (d:/Program Files/texlive/2020/texmf-dist/tex/generic/pgf/basiclayer/pgfcoreobjects.code.tex
File: pgfcoreobjects.code.tex 2020/01/08 v3.1.5b (3.1.5b)
) (d:/Program Files/texlive/2020/texmf-dist/tex/generic/pgf/basiclayer/pgfcorepathprocessing.code.tex
File: pgfcorepathprocessing.code.tex 2020/01/08 v3.1.5b (3.1.5b)
) (d:/Program Files/texlive/2020/texmf-dist/tex/generic/pgf/basiclayer/pgfcorearrows.code.tex
File: pgfcorearrows.code.tex 2020/01/08 v3.1.5b (3.1.5b)
\pgfarrowsep=\dimen195
) (d:/Program Files/texlive/2020/texmf-dist/tex/generic/pgf/basiclayer/pgfcoreshade.code.tex
File: pgfcoreshade.code.tex 2020/01/08 v3.1.5b (3.1.5b)
\pgf@max=\dimen196
\pgf@sys@shading@range@num=\count272
\pgf@shadingcount=\count273
) (d:/Program Files/texlive/2020/texmf-dist/tex/generic/pgf/basiclayer/pgfcoreimage.code.tex
File: pgfcoreimage.code.tex 2020/01/08 v3.1.5b (3.1.5b)
 (d:/Program Files/texlive/2020/texmf-dist/tex/generic/pgf/basiclayer/pgfcoreexternal.code.tex
File: pgfcoreexternal.code.tex 2020/01/08 v3.1.5b (3.1.5b)
\pgfexternal@startupbox=\box59
)) (d:/Program Files/texlive/2020/texmf-dist/tex/generic/pgf/basiclayer/pgfcorelayers.code.tex
File: pgfcorelayers.code.tex 2020/01/08 v3.1.5b (3.1.5b)
) (d:/Program Files/texlive/2020/texmf-dist/tex/generic/pgf/basiclayer/pgfcoretransparency.code.tex
File: pgfcoretransparency.code.tex 2020/01/08 v3.1.5b (3.1.5b)
) (d:/Program Files/texlive/2020/texmf-dist/tex/generic/pgf/basiclayer/pgfcorepatterns.code.tex
File: pgfcorepatterns.code.tex 2020/01/08 v3.1.5b (3.1.5b)
) (d:/Program Files/texlive/2020/texmf-dist/tex/generic/pgf/basiclayer/pgfcorerdf.code.tex
File: pgfcorerdf.code.tex 2020/01/08 v3.1.5b (3.1.5b)
))) (d:/Program Files/texlive/2020/texmf-dist/tex/latex/pgf/utilities/xxcolor.sty
Package: xxcolor 2003/10/24 ver 0.1
\XC@nummixins=\count274
\XC@countmixins=\count275
) (d:/Program Files/texlive/2020/texmf-dist/tex/generic/atbegshi/atbegshi.sty
Package: atbegshi 2019/12/05 v1.19 At begin shipout hook (HO)
 (d:/Program Files/texlive/2020/texmf-dist/tex/generic/infwarerr/infwarerr.sty
Package: infwarerr 2019/12/03 v1.5 Providing info/warning/error messages (HO)
) (d:/Program Files/texlive/2020/texmf-dist/tex/generic/ltxcmds/ltxcmds.sty
Package: ltxcmds 2019/12/15 v1.24 LaTeX kernel commands for general use (HO)
)) (d:/Program Files/texlive/2020/texmf-dist/tex/latex/hyperref/hyperref.sty
Package: hyperref 2020-05-15 v7.00e Hypertext links for LaTeX
 (d:/Program Files/texlive/2020/texmf-dist/tex/generic/pdftexcmds/pdftexcmds.sty
Package: pdftexcmds 2020-06-27 v0.33 Utility functions of pdfTeX for LuaTeX (HO)
Package pdftexcmds Info: \pdf@primitive is available.
Package pdftexcmds Info: \pdf@ifprimitive is available.
Package pdftexcmds Info: \pdfdraftmode found.
) (d:/Program Files/texlive/2020/texmf-dist/tex/generic/kvsetkeys/kvsetkeys.sty
Package: kvsetkeys 2019/12/15 v1.18 Key value parser (HO)
) (d:/Program Files/texlive/2020/texmf-dist/tex/generic/kvdefinekeys/kvdefinekeys.sty
Package: kvdefinekeys 2019-12-19 v1.6 Define keys (HO)
) (d:/Program Files/texlive/2020/texmf-dist/tex/generic/pdfescape/pdfescape.sty
Package: pdfescape 2019/12/09 v1.15 Implements pdfTeX's escape features (HO)
) (d:/Program Files/texlive/2020/texmf-dist/tex/latex/hycolor/hycolor.sty
Package: hycolor 2020-01-27 v1.10 Color options for hyperref/bookmark (HO)
) (d:/Program Files/texlive/2020/texmf-dist/tex/latex/letltxmacro/letltxmacro.sty
Package: letltxmacro 2019/12/03 v1.6 Let assignment for LaTeX macros (HO)
) (d:/Program Files/texlive/2020/texmf-dist/tex/latex/auxhook/auxhook.sty
Package: auxhook 2019-12-17 v1.6 Hooks for auxiliary files (HO)
) (d:/Program Files/texlive/2020/texmf-dist/tex/latex/kvoptions/kvoptions.sty
Package: kvoptions 2019/11/29 v3.13 Key value format for package options (HO)
)
\@linkdim=\dimen197
\Hy@linkcounter=\count276
\Hy@pagecounter=\count277
 (d:/Program Files/texlive/2020/texmf-dist/tex/latex/hyperref/pd1enc.def
File: pd1enc.def 2020-05-15 v7.00e Hyperref: PDFDocEncoding definition (HO)
Now handling font encoding PD1 ...
... no UTF-8 mapping file for font encoding PD1
) (d:/Program Files/texlive/2020/texmf-dist/tex/generic/intcalc/intcalc.sty
Package: intcalc 2019/12/15 v1.3 Expandable calculations with integers (HO)
) (d:/Program Files/texlive/2020/texmf-dist/tex/generic/etexcmds/etexcmds.sty
Package: etexcmds 2019/12/15 v1.7 Avoid name clashes with e-TeX commands (HO)
)
\Hy@SavedSpaceFactor=\count278
Package hyperref Info: Option `bookmarks' set `true' on input line 4338.
Package hyperref Info: Option `bookmarksopen' set `true' on input line 4338.
Package hyperref Info: Option `implicit' set `false' on input line 4338.
Package hyperref Info: Hyper figures OFF on input line 4464.
Package hyperref Info: Link nesting OFF on input line 4469.
Package hyperref Info: Hyper index ON on input line 4472.
Package hyperref Info: Plain pages OFF on input line 4479.
Package hyperref Info: Backreferencing OFF on input line 4484.
Package hyperref Info: Implicit mode OFF; no redefinition of LaTeX internals.
Package hyperref Info: Bookmarks ON on input line 4717.
\c@Hy@tempcnt=\count279
 (d:/Program Files/texlive/2020/texmf-dist/tex/latex/url/url.sty
\Urlmuskip=\muskip16
Package: url 2013/09/16  ver 3.4  Verb mode for urls, etc.
)
LaTeX Info: Redefining \url on input line 5076.
\XeTeXLinkMargin=\dimen198
 (d:/Program Files/texlive/2020/texmf-dist/tex/generic/bitset/bitset.sty
Package: bitset 2019/12/09 v1.3 Handle bit-vector datatype (HO)
 (d:/Program Files/texlive/2020/texmf-dist/tex/generic/bigintcalc/bigintcalc.sty
Package: bigintcalc 2019/12/15 v1.5 Expandable calculations on big integers (HO)
))
\Fld@menulength=\count280
\Field@Width=\dimen199
\Fld@charsize=\dimen256
Package hyperref Info: Hyper figures OFF on input line 6347.
Package hyperref Info: Link nesting OFF on input line 6352.
Package hyperref Info: Hyper index ON on input line 6355.
Package hyperref Info: backreferencing OFF on input line 6362.
Package hyperref Info: Link coloring OFF on input line 6367.
Package hyperref Info: Link coloring with OCG OFF on input line 6372.
Package hyperref Info: PDF/A mode OFF on input line 6377.
LaTeX Info: Redefining \ref on input line 6417.
LaTeX Info: Redefining \pageref on input line 6421.
\Hy@abspage=\count281


Package hyperref Message: Stopped early.

)
Package hyperref Info: Driver (autodetected): hpdftex.
 (d:/Program Files/texlive/2020/texmf-dist/tex/latex/hyperref/hpdftex.def
File: hpdftex.def 2020-05-15 v7.00e Hyperref driver for pdfTeX
 (d:/Program Files/texlive/2020/texmf-dist/tex/latex/atveryend/atveryend.sty
Package: atveryend 2019-12-11 v1.11 Hooks at the very end of document (HO)
)
\Fld@listcount=\count282
\c@bookmark@seq@number=\count283
 (d:/Program Files/texlive/2020/texmf-dist/tex/latex/rerunfilecheck/rerunfilecheck.sty
Package: rerunfilecheck 2019/12/05 v1.9 Rerun checks for auxiliary files (HO)
 (d:/Program Files/texlive/2020/texmf-dist/tex/generic/uniquecounter/uniquecounter.sty
Package: uniquecounter 2019/12/15 v1.4 Provide unlimited unique counter (HO)
)
Package uniquecounter Info: New unique counter `rerunfilecheck' on input line 286.
)) (d:/Program Files/texlive/2020/texmf-dist/tex/latex/beamer/beamerbaserequires.sty (d:/Program Files/texlive/2020/texmf-dist/tex/latex/beamer/beamerbasecompatibility.sty) (d:/Program Files/texlive/2020/texmf-dist/tex/latex/beamer/beamerbasefont.sty (d:/Program Files/texlive/2020/texmf-dist/tex/latex/amsfonts/amssymb.sty
Package: amssymb 2013/01/14 v3.01 AMS font symbols
 (d:/Program Files/texlive/2020/texmf-dist/tex/latex/amsfonts/amsfonts.sty
Package: amsfonts 2013/01/14 v3.01 Basic AMSFonts support
\@emptytoks=\toks27
\symAMSa=\mathgroup4
\symAMSb=\mathgroup5
LaTeX Font Info:    Redeclaring math symbol \hbar on input line 98.
LaTeX Font Info:    Overwriting math alphabet `\mathfrak' in version `bold'
(Font)                  U/euf/m/n --> U/euf/b/n on input line 106.
)) (d:/Program Files/texlive/2020/texmf-dist/tex/latex/sansmathaccent/sansmathaccent.sty
Package: sansmathaccent 2020/01/31
 (d:/Program Files/texlive/2020/texmf-dist/tex/latex/koma-script/scrlfile.sty
Package: scrlfile 2020/07/22 v3.31 KOMA-Script package (loading files)
))) (d:/Program Files/texlive/2020/texmf-dist/tex/latex/beamer/beamerbasetranslator.sty (d:/Program Files/texlive/2020/texmf-dist/tex/latex/translator/translator.sty
Package: translator 2020-08-03 v1.12c Easy translation of strings in LaTeX
)) (d:/Program Files/texlive/2020/texmf-dist/tex/latex/beamer/beamerbasemisc.sty) (d:/Program Files/texlive/2020/texmf-dist/tex/latex/beamer/beamerbasetwoscreens.sty) (d:/Program Files/texlive/2020/texmf-dist/tex/latex/beamer/beamerbaseoverlay.sty
\beamer@argscount=\count284
\beamer@lastskipcover=\skip50
\beamer@trivlistdepth=\count285
) (d:/Program Files/texlive/2020/texmf-dist/tex/latex/beamer/beamerbasetitle.sty) (d:/Program Files/texlive/2020/texmf-dist/tex/latex/beamer/beamerbasesection.sty
\c@lecture=\count286
\c@part=\count287
\c@section=\count288
\c@subsection=\count289
\c@subsubsection=\count290
) (d:/Program Files/texlive/2020/texmf-dist/tex/latex/beamer/beamerbaseframe.sty
\beamer@framebox=\box60
\beamer@frametitlebox=\box61
\beamer@zoombox=\box62
\beamer@zoomcount=\count291
\beamer@zoomframecount=\count292
\beamer@frametextheight=\dimen257
\c@subsectionslide=\count293
\beamer@frametopskip=\skip51
\beamer@framebottomskip=\skip52
\beamer@frametopskipautobreak=\skip53
\beamer@framebottomskipautobreak=\skip54
\beamer@envbody=\toks28
\framewidth=\dimen258
\c@framenumber=\count294
) (d:/Program Files/texlive/2020/texmf-dist/tex/latex/beamer/beamerbaseverbatim.sty
\beamer@verbatimfileout=\write4
) (d:/Program Files/texlive/2020/texmf-dist/tex/latex/beamer/beamerbaseframesize.sty
\beamer@splitbox=\box63
\beamer@autobreakcount=\count295
\beamer@autobreaklastheight=\dimen259
\beamer@frametitletoks=\toks29
\beamer@framesubtitletoks=\toks30
) (d:/Program Files/texlive/2020/texmf-dist/tex/latex/beamer/beamerbaseframecomponents.sty
\beamer@footins=\box64
) (d:/Program Files/texlive/2020/texmf-dist/tex/latex/beamer/beamerbasecolor.sty) (d:/Program Files/texlive/2020/texmf-dist/tex/latex/beamer/beamerbasenotes.sty
\beamer@frameboxcopy=\box65
) (d:/Program Files/texlive/2020/texmf-dist/tex/latex/beamer/beamerbasetoc.sty) (d:/Program Files/texlive/2020/texmf-dist/tex/latex/beamer/beamerbasetemplates.sty
\beamer@sbttoks=\toks31
 (d:/Program Files/texlive/2020/texmf-dist/tex/latex/beamer/beamerbaseauxtemplates.sty (d:/Program Files/texlive/2020/texmf-dist/tex/latex/beamer/beamerbaseboxes.sty
\bmb@box=\box66
\bmb@colorbox=\box67
\bmb@boxshadow=\box68
\bmb@boxshadowball=\box69
\bmb@boxshadowballlarge=\box70
\bmb@temp=\dimen260
\bmb@dima=\dimen261
\bmb@dimb=\dimen262
\bmb@prevheight=\dimen263
)
\beamer@blockheadheight=\dimen264
)) (d:/Program Files/texlive/2020/texmf-dist/tex/latex/beamer/beamerbaselocalstructure.sty (d:/Program Files/texlive/2020/texmf-dist/tex/latex/tools/enumerate.sty
Package: enumerate 2015/07/23 v3.00 enumerate extensions (DPC)
\@enLab=\toks32
)
\c@figure=\count296
\c@table=\count297
\abovecaptionskip=\skip55
\belowcaptionskip=\skip56
) (d:/Program Files/texlive/2020/texmf-dist/tex/latex/beamer/beamerbasenavigation.sty
\beamer@section@min@dim=\dimen265
) (d:/Program Files/texlive/2020/texmf-dist/tex/latex/beamer/beamerbasetheorems.sty (d:/Program Files/texlive/2020/texmf-dist/tex/latex/amsmath/amsmath.sty
Package: amsmath 2020/01/20 v2.17e AMS math features
\@mathmargin=\skip57

For additional information on amsmath, use the `?' option.
(d:/Program Files/texlive/2020/texmf-dist/tex/latex/amsmath/amstext.sty
Package: amstext 2000/06/29 v2.01 AMS text
 (d:/Program Files/texlive/2020/texmf-dist/tex/latex/amsmath/amsgen.sty
File: amsgen.sty 1999/11/30 v2.0 generic functions
\@emptytoks=\toks33
\ex@=\dimen266
)) (d:/Program Files/texlive/2020/texmf-dist/tex/latex/amsmath/amsbsy.sty
Package: amsbsy 1999/11/29 v1.2d Bold Symbols
\pmbraise@=\dimen267
) (d:/Program Files/texlive/2020/texmf-dist/tex/latex/amsmath/amsopn.sty
Package: amsopn 2016/03/08 v2.02 operator names
)
\inf@bad=\count298
LaTeX Info: Redefining \frac on input line 227.
\uproot@=\count299
\leftroot@=\count300
LaTeX Info: Redefining \overline on input line 389.
\classnum@=\count301
\DOTSCASE@=\count302
LaTeX Info: Redefining \ldots on input line 486.
LaTeX Info: Redefining \dots on input line 489.
LaTeX Info: Redefining \cdots on input line 610.
\Mathstrutbox@=\box71
\strutbox@=\box72
\big@size=\dimen268
LaTeX Font Info:    Redeclaring font encoding OML on input line 733.
LaTeX Font Info:    Redeclaring font encoding OMS on input line 734.
\macc@depth=\count303
\c@MaxMatrixCols=\count304
\dotsspace@=\muskip17
\c@parentequation=\count305
\dspbrk@lvl=\count306
\tag@help=\toks34
\row@=\count307
\column@=\count308
\maxfields@=\count309
\andhelp@=\toks35
\eqnshift@=\dimen269
\alignsep@=\dimen270
\tagshift@=\dimen271
\tagwidth@=\dimen272
\totwidth@=\dimen273
\lineht@=\dimen274
\@envbody=\toks36
\multlinegap=\skip58
\multlinetaggap=\skip59
\mathdisplay@stack=\toks37
LaTeX Info: Redefining \[ on input line 2859.
LaTeX Info: Redefining \] on input line 2860.
) (d:/Program Files/texlive/2020/texmf-dist/tex/latex/amscls/amsthm.sty
Package: amsthm 2020/05/29 v2.20.6
\thm@style=\toks38
\thm@bodyfont=\toks39
\thm@headfont=\toks40
\thm@notefont=\toks41
\thm@headpunct=\toks42
\thm@preskip=\skip60
\thm@postskip=\skip61
\thm@headsep=\skip62
\dth@everypar=\toks43
)
\c@theorem=\count310
) (d:/Program Files/texlive/2020/texmf-dist/tex/latex/beamer/beamerbasethemes.sty)) (d:/Program Files/texlive/2020/texmf-dist/tex/latex/beamer/beamerthemedefault.sty (d:/Program Files/texlive/2020/texmf-dist/tex/latex/beamer/beamerfontthemedefault.sty) (d:/Program Files/texlive/2020/texmf-dist/tex/latex/beamer/beamercolorthemedefault.sty) (d:/Program Files/texlive/2020/texmf-dist/tex/latex/beamer/beamerinnerthemedefault.sty
\beamer@dima=\dimen275
\beamer@dimb=\dimen276
) (d:/Program Files/texlive/2020/texmf-dist/tex/latex/beamer/beamerouterthemedefault.sty))) (d:/Program Files/texlive/2020/texmf-dist/tex/latex/beamer/beamerthemeSzeged.sty (d:/Program Files/texlive/2020/texmf-dist/tex/latex/beamer/beamerouterthememiniframes.sty)) (d:/Program Files/texlive/2020/texmf-dist/tex/latex/beamer/beamerinnerthemerectangles.sty) (d:/Program Files/texlive/2020/texmf-dist/tex/latex/lm/lmodern.sty
Package: lmodern 2009/10/30 v1.6 Latin Modern Fonts
LaTeX Font Info:    Overwriting symbol font `operators' in version `normal'
(Font)                  OT1/cmr/m/n --> OT1/lmr/m/n on input line 22.
LaTeX Font Info:    Overwriting symbol font `letters' in version `normal'
(Font)                  OML/cmm/m/it --> OML/lmm/m/it on input line 23.
LaTeX Font Info:    Overwriting symbol font `symbols' in version `normal'
(Font)                  OMS/cmsy/m/n --> OMS/lmsy/m/n on input line 24.
LaTeX Font Info:    Overwriting symbol font `largesymbols' in version `normal'
(Font)                  OMX/cmex/m/n --> OMX/lmex/m/n on input line 25.
LaTeX Font Info:    Overwriting symbol font `operators' in version `bold'
(Font)                  OT1/cmr/bx/n --> OT1/lmr/bx/n on input line 26.
LaTeX Font Info:    Overwriting symbol font `letters' in version `bold'
(Font)                  OML/cmm/b/it --> OML/lmm/b/it on input line 27.
LaTeX Font Info:    Overwriting symbol font `symbols' in version `bold'
(Font)                  OMS/cmsy/b/n --> OMS/lmsy/b/n on input line 28.
LaTeX Font Info:    Overwriting symbol font `largesymbols' in version `bold'
(Font)                  OMX/cmex/m/n --> OMX/lmex/m/n on input line 29.
LaTeX Font Info:    Overwriting math alphabet `\mathbf' in version `normal'
(Font)                  OT1/cmr/bx/n --> OT1/lmr/bx/n on input line 31.
LaTeX Font Info:    Overwriting math alphabet `\mathsf' in version `normal'
(Font)                  OT1/cmss/m/n --> OT1/lmss/m/n on input line 32.
LaTeX Font Info:    Overwriting math alphabet `\mathit' in version `normal'
(Font)                  OT1/cmr/m/it --> OT1/lmr/m/it on input line 33.
LaTeX Font Info:    Overwriting math alphabet `\mathtt' in version `normal'
(Font)                  OT1/cmtt/m/n --> OT1/lmtt/m/n on input line 34.
LaTeX Font Info:    Overwriting math alphabet `\mathbf' in version `bold'
(Font)                  OT1/cmr/bx/n --> OT1/lmr/bx/n on input line 35.
LaTeX Font Info:    Overwriting math alphabet `\mathsf' in version `bold'
(Font)                  OT1/cmss/bx/n --> OT1/lmss/bx/n on input line 36.
LaTeX Font Info:    Overwriting math alphabet `\mathit' in version `bold'
(Font)                  OT1/cmr/bx/it --> OT1/lmr/bx/it on input line 37.
LaTeX Font Info:    Overwriting math alphabet `\mathtt' in version `bold'
(Font)                  OT1/cmtt/m/n --> OT1/lmtt/m/n on input line 38.
) (d:/Program Files/texlive/2020/texmf-dist/tex/generic/babel/babel.sty
Package: babel 2020/07/13 3.47 The Babel package
 (d:/Program Files/texlive/2020/texmf-dist/tex/generic/babel/babel.def
File: babel.def 2020/07/13 3.47 Babel common definitions
\babel@savecnt=\count311
\U@D=\dimen277
\l@babelnohyphens=\language86
 (d:/Program Files/texlive/2020/texmf-dist/tex/generic/babel/txtbabel.def)
\bbl@readstream=\read3
)
LaTeX Info: Redefining \textlatin on input line 682.
\bbl@dirlevel=\count312
 (d:/Program Files/texlive/2020/texmf-dist/tex/generic/babel-french/french.ldf
Language: french 2020/07/02 v3.5j French support from the babel system
Package babel Info: \l@acadian = using hyphenrules for french
(babel)             (\language28) on input line 91.
Package babel Info: \l@canadien = using hyphenrules for french
(babel)             (\language28) on input line 92.
\FB@nonchar=\count313
Package babel Info: Making : an active character on input line 428.
Package babel Info: Making ; an active character on input line 429.
Package babel Info: Making ! an active character on input line 430.
Package babel Info: Making ? an active character on input line 431.
\FBguill@level=\count314
\FBold@everypar=\toks44
\FB@Mht=\dimen278
\mc@charclass=\count315
\mc@charfam=\count316
\mc@charslot=\count317
\std@mcc=\count318
\dec@mcc=\count319
\c@FBcaption@count=\count320
\listindentFB=\dimen279
\descindentFB=\dimen280
\labelindentFB=\dimen281
\labelwidthFB=\dimen282
\leftmarginFB=\dimen283
\parindentFFN=\dimen284
\FBfnindent=\dimen285
)) (d:/Program Files/texlive/2020/texmf-dist/tex/latex/carlisle/scalefnt.sty)
Package french.ldf Info: No list customisation for the beamer class,
(french.ldf)             reported on input line 14.
 (d:/Program Files/texlive/2020/texmf-dist/tex/latex/base/inputenc.sty
Package: inputenc 2018/08/11 v1.3c Input encoding file
\inpenc@prehook=\toks45
\inpenc@posthook=\toks46
)
\sympureletters=\mathgroup6
LaTeX Font Info:    Overwriting symbol font `pureletters' in version `bold'
(Font)                  OT1/mathkerncmss/m/sl --> OT1/mathkerncmss/bx/sl on input line 18.
 (d:/Program Files/texlive/2020/texmf-dist/tex/latex/tools/bm.sty
Package: bm 2019/07/24 v1.2d Bold Symbol Support (DPC/FMi)
\symboldoperators=\mathgroup7
\symboldletters=\mathgroup8
\symboldsymbols=\mathgroup9
\symboldpureletters=\mathgroup10
LaTeX Font Info:    Redeclaring math alphabet \mathbf on input line 141.
LaTeX Info: Redefining \bm on input line 209.
) (d:/Program Files/texlive/2020/texmf-dist/tex/latex/mathtools/mathtools.sty
Package: mathtools 2020/03/24 v1.24 mathematical typesetting tools
 (d:/Program Files/texlive/2020/texmf-dist/tex/latex/tools/calc.sty
Package: calc 2017/05/25 v4.3 Infix arithmetic (KKT,FJ)
\calc@Acount=\count321
\calc@Bcount=\count322
\calc@Adimen=\dimen286
\calc@Bdimen=\dimen287
\calc@Askip=\skip63
\calc@Bskip=\skip64
LaTeX Info: Redefining \setlength on input line 80.
LaTeX Info: Redefining \addtolength on input line 81.
\calc@Ccount=\count323
\calc@Cskip=\skip65
) (d:/Program Files/texlive/2020/texmf-dist/tex/latex/mathtools/mhsetup.sty
Package: mhsetup 2017/03/31 v1.3 programming setup (MH)
)
LaTeX Info: Thecontrolsequence`\('isalreadyrobust on input line 130.
LaTeX Info: Thecontrolsequence`\)'isalreadyrobust on input line 130.
LaTeX Info: Thecontrolsequence`\['isalreadyrobust on input line 130.
LaTeX Info: Thecontrolsequence`\]'isalreadyrobust on input line 130.
\g_MT_multlinerow_int=\count324
\l_MT_multwidth_dim=\dimen288
\origjot=\skip66
\l_MT_shortvdotswithinadjustabove_dim=\dimen289
\l_MT_shortvdotswithinadjustbelow_dim=\dimen290
\l_MT_above_intertext_sep=\dimen291
\l_MT_below_intertext_sep=\dimen292
\l_MT_above_shortintertext_sep=\dimen293
\l_MT_below_shortintertext_sep=\dimen294
\xmathstrut@box=\box73
\xmathstrut@dim=\dimen295
) (d:/Program Files/texlive/2020/texmf-dist/tex/latex/siunitx/siunitx.sty (d:/Program Files/texlive/2020/texmf-dist/tex/latex/l3kernel/expl3.sty
Package: expl3 2020-08-07 L3 programming layer (loader) 
 (d:/Program Files/texlive/2020/texmf-dist/tex/latex/l3backend/l3backend-pdfmode.def
File: l3backend-pdfmode.def 2020-08-07 L3 backend support: PDF mode
\l__kernel_color_stack_int=\count325
\l__pdf_internal_box=\box74
)) (d:/Program Files/texlive/2020/texmf-dist/tex/latex/l3packages/xparse/xparse.sty
Package: xparse 2020-05-15 L3 Experimental document command parser
 (d:/Program Files/texlive/2020/texmf-dist/tex/latex/l3packages/xparse/xparse-generic.tex
\l__xparse_current_arg_int=\count326
\g__xparse_grabber_int=\count327
\l__xparse_m_args_int=\count328
\l__xparse_v_nesting_int=\count329
))
Package: siunitx 2020/02/25 v2.8b A comprehensive (SI) units package
 (d:/Program Files/texlive/2020/texmf-dist/tex/latex/tools/array.sty
Package: array 2019/08/31 v2.4l Tabular extension package (FMi)
\col@sep=\dimen296
\ar@mcellbox=\box75
\extrarowheight=\dimen297
\NC@list=\toks47
\extratabsurround=\skip67
\backup@length=\skip68
\ar@cellbox=\box76
) (d:/Program Files/texlive/2020/texmf-dist/tex/latex/l3packages/l3keys2e/l3keys2e.sty
Package: l3keys2e 2020-05-15 LaTeX2e option processing using LaTeX3 keys
)
\l__siunitx_tmp_box=\box77
\l__siunitx_tmp_dim=\dimen298
\l__siunitx_tmp_int=\count330
\l__siunitx_number_mantissa_length_int=\count331
\l__siunitx_number_uncert_length_int=\count332
\l__siunitx_round_int=\count333
\l__siunitx_process_decimal_int=\count334
\l__siunitx_process_uncertainty_int=\count335
\l__siunitx_process_fixed_int=\count336
\l__siunitx_process_integer_min_int=\count337
\l__siunitx_process_precision_int=\count338
\l__siunitx_group_min_int=\count339
\l__siunitx_angle_marker_box=\box78
\l__siunitx_angle_unit_box=\box79
\l__siunitx_angle_marker_dim=\dimen299
\l__siunitx_angle_unit_dim=\dimen300
\l__siunitx_unit_int=\count340
\l__siunitx_unit_denominator_int=\count341
\l__siunitx_unit_numerator_int=\count342
\l__siunitx_unit_prefix_int=\count343
\l__siunitx_unit_prefix_base_int=\count344
\l__siunitx_unit_prefix_gram_int=\count345
\l__siunitx_number_product_int=\count346
\c__siunitx_one_fill_skip=\skip69
\l__siunitx_table_unit_align_skip=\skip70
\l__siunitx_table_exponent_dim=\dimen301
\l__siunitx_table_integer_dim=\dimen302
\l__siunitx_table_mantissa_dim=\dimen303
\l__siunitx_table_marker_dim=\dimen304
\l__siunitx_table_result_dim=\dimen305
\l__siunitx_table_uncert_dim=\dimen306
\l__siunitx_table_fill_pre_dim=\dimen307
\l__siunitx_table_fill_post_dim=\dimen308
\l__siunitx_table_fill_mid_dim=\dimen309
\l__siunitx_table_pre_box=\box80
\l__siunitx_table_post_box=\box81
\l__siunitx_table_mantissa_box=\box82
\l__siunitx_table_result_box=\box83
\l__siunitx_table_number_align_skip=\skip71
\l__siunitx_table_text_align_skip=\skip72
) (d:/Program Files/texlive/2020/texmf-dist/tex/latex/docmute/docmute.sty
Package: docmute 2012/03/22 v1.4 Input stand-alone documents
) (d:/Program Files/texlive/2020/texmf-dist/tex/latex/beamer/beamercolorthemestructure.sty) (c:/Users/Roussel/Dropbox/Unistra/SEMESTRE 2/Projet & Stage/Inverse/REPO_2D/doc/presentation/main.aux)
\openout1 = `main.aux'.

LaTeX Font Info:    Checking defaults for OML/cmm/m/it on input line 73.
LaTeX Font Info:    ... okay on input line 73.
LaTeX Font Info:    Checking defaults for OMS/cmsy/m/n on input line 73.
LaTeX Font Info:    ... okay on input line 73.
LaTeX Font Info:    Checking defaults for OT1/cmr/m/n on input line 73.
LaTeX Font Info:    ... okay on input line 73.
LaTeX Font Info:    Checking defaults for T1/cmr/m/n on input line 73.
LaTeX Font Info:    ... okay on input line 73.
LaTeX Font Info:    Checking defaults for TS1/cmr/m/n on input line 73.
LaTeX Font Info:    ... okay on input line 73.
LaTeX Font Info:    Checking defaults for OMX/cmex/m/n on input line 73.
LaTeX Font Info:    ... okay on input line 73.
LaTeX Font Info:    Checking defaults for U/cmr/m/n on input line 73.
LaTeX Font Info:    ... okay on input line 73.
LaTeX Font Info:    Checking defaults for PD1/pdf/m/n on input line 73.
LaTeX Font Info:    ... okay on input line 73.
LaTeX Font Info:    Trying to load font information for OT1+lmss on input line 73.
 (d:/Program Files/texlive/2020/texmf-dist/tex/latex/lm/ot1lmss.fd
File: ot1lmss.fd 2009/10/30 v1.6 Font defs for Latin Modern
)
*geometry* driver: auto-detecting
*geometry* detected driver: pdftex
*geometry* verbose mode - [ preamble ] result:
* driver: pdftex
* paper: custom
* layout: <same size as paper>
* layoutoffset:(h,v)=(0.0pt,0.0pt)
* modes: includehead includefoot 
* h-part:(L,W,R)=(28.45274pt, 307.28987pt, 28.45274pt)
* v-part:(T,H,B)=(0.0pt, 273.14662pt, 0.0pt)
* \paperwidth=364.19536pt
* \paperheight=273.14662pt
* \textwidth=307.28987pt
* \textheight=244.6939pt
* \oddsidemargin=-43.81725pt
* \evensidemargin=-43.81725pt
* \topmargin=-72.26999pt
* \headheight=14.22636pt
* \headsep=0.0pt
* \topskip=11.0pt
* \footskip=14.22636pt
* \marginparwidth=4.0pt
* \marginparsep=10.0pt
* \columnsep=10.0pt
* \skip\footins=10.0pt plus 4.0pt minus 2.0pt
* \hoffset=0.0pt
* \voffset=0.0pt
* \mag=1000
* \@twocolumnfalse
* \@twosidefalse
* \@mparswitchfalse
* \@reversemarginfalse
* (1in=72.27pt=25.4mm, 1cm=28.453pt)

(d:/Program Files/texlive/2020/texmf-dist/tex/context/base/mkii/supp-pdf.mkii
[Loading MPS to PDF converter (version 2006.09.02).]
\scratchcounter=\count347
\scratchdimen=\dimen310
\scratchbox=\box84
\nofMPsegments=\count348
\nofMParguments=\count349
\everyMPshowfont=\toks48
\MPscratchCnt=\count350
\MPscratchDim=\dimen311
\MPnumerator=\count351
\makeMPintoPDFobject=\count352
\everyMPtoPDFconversion=\toks49
) (d:/Program Files/texlive/2020/texmf-dist/tex/latex/epstopdf-pkg/epstopdf-base.sty
Package: epstopdf-base 2020-01-24 v2.11 Base part for package epstopdf
Package epstopdf-base Info: Redefining graphics rule for `.eps' on input line 485.
 (d:/Program Files/texlive/2020/texmf-dist/tex/latex/latexconfig/epstopdf-sys.cfg
File: epstopdf-sys.cfg 2010/07/13 v1.3 Configuration of (r)epstopdf for TeX Live
)) ABD: EveryShipout initializing macros
\AtBeginShipoutBox=\box85
Package hyperref Info: Link coloring OFF on input line 73.
 (d:/Program Files/texlive/2020/texmf-dist/tex/latex/hyperref/nameref.sty
Package: nameref 2019/09/16 v2.46 Cross-referencing by name of section
 (d:/Program Files/texlive/2020/texmf-dist/tex/latex/refcount/refcount.sty
Package: refcount 2019/12/15 v3.6 Data extraction from label references (HO)
) (d:/Program Files/texlive/2020/texmf-dist/tex/generic/gettitlestring/gettitlestring.sty
Package: gettitlestring 2019/12/15 v1.6 Cleanup title references (HO)
)
\c@section@level=\count353
)
LaTeX Info: Redefining \ref on input line 73.
LaTeX Info: Redefining \pageref on input line 73.
LaTeX Info: Redefining \nameref on input line 73.
 (c:/Users/Roussel/Dropbox/Unistra/SEMESTRE 2/Projet & Stage/Inverse/REPO_2D/doc/presentation/main.out) (c:/Users/Roussel/Dropbox/Unistra/SEMESTRE 2/Projet & Stage/Inverse/REPO_2D/doc/presentation/main.out)
\@outlinefile=\write5
\openout5 = `main.out'.

LaTeX Font Info:    Overwriting symbol font `operators' in version `normal'
(Font)                  OT1/lmr/m/n --> OT1/cmss/m/n on input line 73.
LaTeX Font Info:    Overwriting symbol font `operators' in version `bold'
(Font)                  OT1/lmr/bx/n --> OT1/cmss/b/n on input line 73.
LaTeX Font Info:    Overwriting symbol font `operators' in version `normal'
(Font)                  OT1/cmss/m/n --> OT1/lmss/m/n on input line 73.
LaTeX Font Info:    Overwriting symbol font `operators' in version `bold'
(Font)                  OT1/cmss/b/n --> OT1/lmss/b/n on input line 73.
\symnumbers=\mathgroup11
LaTeX Font Info:    Redeclaring symbol font `pureletters' on input line 73.
LaTeX Font Info:    Overwriting symbol font `pureletters' in version `normal'
(Font)                  OT1/mathkerncmss/m/sl --> OT1/lmss/m/it on input line 73.
LaTeX Font Info:    Overwriting symbol font `pureletters' in version `bold'
(Font)                  OT1/mathkerncmss/bx/sl --> OT1/lmss/m/it on input line 73.
LaTeX Font Info:    Overwriting math alphabet `\mathrm' in version `normal'
(Font)                  OT1/lmss/m/n --> OT1/lmr/m/n on input line 73.
LaTeX Font Info:    Redeclaring math alphabet \mathbf on input line 73.
LaTeX Font Info:    Redeclaring math alphabet \mathsf on input line 73.
LaTeX Font Info:    Overwriting math alphabet `\mathsf' in version `normal'
(Font)                  OT1/lmss/m/n --> OT1/lmss/m/n on input line 73.
LaTeX Font Info:    Overwriting math alphabet `\mathsf' in version `bold'
(Font)                  OT1/lmss/bx/n --> OT1/lmss/m/n on input line 73.
LaTeX Font Info:    Redeclaring math alphabet \mathit on input line 73.
LaTeX Font Info:    Overwriting math alphabet `\mathit' in version `normal'
(Font)                  OT1/lmr/m/it --> OT1/lmss/m/it on input line 73.
LaTeX Font Info:    Overwriting math alphabet `\mathit' in version `bold'
(Font)                  OT1/lmr/bx/it --> OT1/lmss/m/it on input line 73.
LaTeX Font Info:    Redeclaring math alphabet \mathtt on input line 73.
LaTeX Font Info:    Overwriting math alphabet `\mathtt' in version `normal'
(Font)                  OT1/lmtt/m/n --> OT1/lmtt/m/n on input line 73.
LaTeX Font Info:    Overwriting math alphabet `\mathtt' in version `bold'
(Font)                  OT1/lmtt/m/n --> OT1/lmtt/m/n on input line 73.
LaTeX Font Info:    Overwriting symbol font `numbers' in version `bold'
(Font)                  OT1/lmss/m/n --> OT1/lmss/b/n on input line 73.
LaTeX Font Info:    Overwriting symbol font `pureletters' in version `bold'
(Font)                  OT1/lmss/m/it --> OT1/lmss/b/it on input line 73.
LaTeX Font Info:    Overwriting math alphabet `\mathrm' in version `bold'
(Font)                  OT1/lmss/b/n --> OT1/lmr/b/n on input line 73.
LaTeX Font Info:    Overwriting math alphabet `\mathbf' in version `bold'
(Font)                  OT1/lmss/b/n --> OT1/lmss/b/n on input line 73.
LaTeX Font Info:    Overwriting math alphabet `\mathsf' in version `bold'
(Font)                  OT1/lmss/m/n --> OT1/lmss/b/n on input line 73.
LaTeX Font Info:    Overwriting math alphabet `\mathit' in version `bold'
(Font)                  OT1/lmss/m/it --> OT1/lmss/b/it on input line 73.
LaTeX Font Info:    Overwriting math alphabet `\mathtt' in version `bold'
(Font)                  OT1/lmtt/m/n --> OT1/lmtt/b/n on input line 73.
LaTeX Font Info:    Redeclaring symbol font `boldpureletters' on input line 73.
LaTeX Font Info:    Overwriting symbol font `boldpureletters' in version `normal'
(Font)                  OT1/mathkerncmss/bx/sl --> OT1/lmss/bx/it on input line 73.
LaTeX Font Info:    Overwriting symbol font `boldpureletters' in version `bold'
(Font)                  OT1/mathkerncmss/bx/sl --> OT1/lmss/bx/it on input line 73.
 (d:/Program Files/texlive/2020/texmf-dist/tex/latex/translator/translator-basic-dictionary-English.dict
Dictionary: translator-basic-dictionary, Language: English 
) (d:/Program Files/texlive/2020/texmf-dist/tex/latex/translator/translator-bibliography-dictionary-English.dict
Dictionary: translator-bibliography-dictionary, Language: English 
) (d:/Program Files/texlive/2020/texmf-dist/tex/latex/translator/translator-environment-dictionary-English.dict
Dictionary: translator-environment-dictionary, Language: English 
) (d:/Program Files/texlive/2020/texmf-dist/tex/latex/translator/translator-months-dictionary-English.dict
Dictionary: translator-months-dictionary, Language: English 
) (d:/Program Files/texlive/2020/texmf-dist/tex/latex/translator/translator-numbers-dictionary-English.dict
Dictionary: translator-numbers-dictionary, Language: English 
) (d:/Program Files/texlive/2020/texmf-dist/tex/latex/translator/translator-theorem-dictionary-English.dict
Dictionary: translator-theorem-dictionary, Language: English 
)
LaTeX Info: Redefining \degres on input line 73.
LaTeX Info: Redefining \dots on input line 73.
LaTeX Info: Redefining \up on input line 73.


Package french.ldf Warning: OT1 encoding should not be used for French.
(french.ldf)                Add \usepackage[T1]{fontenc} to the preamble
(french.ldf)                of your document; reported on input line 73.

(d:/Program Files/texlive/2020/texmf-dist/tex/latex/siunitx/siunitx-abbreviations.cfg
File: siunitx-abbreviations.cfg 2017/11/26 v2.7k siunitx: Abbreviated units
) (c:/Users/Roussel/Dropbox/Unistra/SEMESTRE 2/Projet & Stage/Inverse/REPO_2D/doc/presentation/main.nav)
Overfull \hbox (23.17284pt too wide) in paragraph at lines 73--73
 [][][][]  
 []

LaTeX Font Info:    Trying to load font information for OML+lmm on input line 73.
(d:/Program Files/texlive/2020/texmf-dist/tex/latex/lm/omllmm.fd
File: omllmm.fd 2009/10/30 v1.6 Font defs for Latin Modern
)
LaTeX Font Info:    Trying to load font information for OMS+lmsy on input line 73.
 (d:/Program Files/texlive/2020/texmf-dist/tex/latex/lm/omslmsy.fd
File: omslmsy.fd 2009/10/30 v1.6 Font defs for Latin Modern
)
LaTeX Font Info:    Trying to load font information for OMX+lmex on input line 73.
 (d:/Program Files/texlive/2020/texmf-dist/tex/latex/lm/omxlmex.fd
File: omxlmex.fd 2009/10/30 v1.6 Font defs for Latin Modern
)
LaTeX Font Info:    External font `lmex10' loaded for size
(Font)              <10.95> on input line 73.
LaTeX Font Info:    External font `lmex10' loaded for size
(Font)              <8> on input line 73.
LaTeX Font Info:    External font `lmex10' loaded for size
(Font)              <6> on input line 73.
LaTeX Font Info:    Trying to load font information for U+msa on input line 73.
 (d:/Program Files/texlive/2020/texmf-dist/tex/latex/amsfonts/umsa.fd
File: umsa.fd 2013/01/14 v3.01 AMS symbols A
)
LaTeX Font Info:    Trying to load font information for U+msb on input line 73.
 (d:/Program Files/texlive/2020/texmf-dist/tex/latex/amsfonts/umsb.fd
File: umsb.fd 2013/01/14 v3.01 AMS symbols B
)
LaTeX Font Info:    Font shape `OT1/lmss/m/it' in size <10.95> not available
(Font)              Font shape `OT1/lmss/m/sl' tried instead on input line 73.
LaTeX Font Info:    Font shape `OT1/lmss/m/it' in size <8> not available
(Font)              Font shape `OT1/lmss/m/sl' tried instead on input line 73.
LaTeX Font Info:    Font shape `OT1/lmss/m/it' in size <6> not available
(Font)              Font shape `OT1/lmss/m/sl' tried instead on input line 73.
LaTeX Font Info:    Trying to load font information for OT1+lmr on input line 73.
 (d:/Program Files/texlive/2020/texmf-dist/tex/latex/lm/ot1lmr.fd
File: ot1lmr.fd 2009/10/30 v1.6 Font defs for Latin Modern
)
LaTeX Font Info:    Font shape `OT1/lmss/bx/it' in size <10.95> not available
(Font)              Font shape `OT1/lmss/bx/sl' tried instead on input line 73.
LaTeX Font Info:    Font shape `OT1/lmss/bx/it' in size <8> not available
(Font)              Font shape `OT1/lmss/bx/sl' tried instead on input line 73.
LaTeX Font Info:    Font shape `OT1/lmss/bx/it' in size <6> not available
(Font)              Font shape `OT1/lmss/bx/sl' tried instead on input line 73.
LaTeX Font Info:    Trying to load font information for OT1+lmtt on input line 73.
 (d:/Program Files/texlive/2020/texmf-dist/tex/latex/lm/ot1lmtt.fd
File: ot1lmtt.fd 2009/10/30 v1.6 Font defs for Latin Modern
)
\docmute@nestinglevel=\count354
<./Figures/LogoUnistra.png, id=96, 600.74437pt x 218.31563pt>
File: ./Figures/LogoUnistra.png Graphic file (type png)
<use ./Figures/LogoUnistra.png>
Package pdftex.def Info: ./Figures/LogoUnistra.png  used on input line 86.
(pdftex.def)             Requested size: 85.35826pt x 31.01701pt.
<./Figures/LogoIRMA.png, id=98, 1043.39813pt x 645.91313pt>
File: ./Figures/LogoIRMA.png Graphic file (type png)
<use ./Figures/LogoIRMA.png>
Package pdftex.def Info: ./Figures/LogoIRMA.png  used on input line 86.
(pdftex.def)             Requested size: 62.59596pt x 38.74326pt.

Overfull \vbox (12.20663pt too high) has occurred while \output is active []


Overfull \hbox (23.88118pt too wide) has occurred while \output is active
 [][][][]  
 []

[1{d:/Program Files/texlive/2020/texmf-var/fonts/map/pdftex/updmap/pdftex.map}

 <c:/Users/Roussel/Dropbox/Unistra/SEMESTRE 2/Projet & Stage/Inverse/REPO_2D/doc/presentation/./Figures/LogoUnistra.png> <c:/Users/Roussel/Dropbox/Unistra/SEMESTRE 2/Projet & Stage/Inverse/REPO_2D/doc/presentation/./Figures/LogoIRMA.png>]

Package hyperref Warning: Option `pdfauthor' has already been used,
(hyperref)                setting the option has no effect on input line 102.


Overfull \vbox (0.23557pt too high) detected at line 117
 []

File: ./Figures/LogoUnistra.png Graphic file (type png)
<use ./Figures/LogoUnistra.png>
Package pdftex.def Info: ./Figures/LogoUnistra.png  used on input line 117.
(pdftex.def)             Requested size: 85.35826pt x 31.01701pt.
File: ./Figures/LogoIRMA.png Graphic file (type png)
<use ./Figures/LogoIRMA.png>
Package pdftex.def Info: ./Figures/LogoIRMA.png  used on input line 117.
(pdftex.def)             Requested size: 62.59596pt x 38.74326pt.

Overfull \vbox (12.20663pt too high) has occurred while \output is active []


Overfull \hbox (23.88118pt too wide) has occurred while \output is active
 [][][][]  
 []

[2

]
Overfull \hbox (23.88118pt too wide) has occurred while \output is active
 [][][][]  
 []

[3

]
Overfull \hbox (23.88118pt too wide) has occurred while \output is active
 [][][][]  
 []

[4

]
Overfull \hbox (23.88118pt too wide) has occurred while \output is active
 [][][][]  
 []

[5

]
Overfull \hbox (23.88118pt too wide) has occurred while \output is active
 [][][][]  
 []

[6

]
Overfull \hbox (23.88118pt too wide) has occurred while \output is active
 [][][][]  
 []

[7

]
Overfull \hbox (23.88118pt too wide) has occurred while \output is active
 [][][][]  
 []

[8

]
Overfull \hbox (23.88118pt too wide) has occurred while \output is active
 [][][][]  
 []

[9

] (c:/Users/Roussel/Dropbox/Unistra/SEMESTRE 2/Projet & Stage/Inverse/REPO_2D/doc/presentation/main.toc)
Overfull \hbox (23.88118pt too wide) has occurred while \output is active
 [][][][]  
 []

[10

]
LaTeX Font Info:    External font `lmex10' loaded for size
(Font)              <9> on input line 242.
LaTeX Font Info:    External font `lmex10' loaded for size
(Font)              <5> on input line 242.
LaTeX Font Info:    Font shape `OT1/lmss/m/it' in size <9> not available
(Font)              Font shape `OT1/lmss/m/sl' tried instead on input line 242.
LaTeX Font Info:    Font shape `OT1/lmss/m/it' in size <5> not available
(Font)              Font shape `OT1/lmss/m/sl' tried instead on input line 242.
LaTeX Font Info:    Font shape `OT1/lmss/bx/it' in size <9> not available
(Font)              Font shape `OT1/lmss/bx/sl' tried instead on input line 242.
LaTeX Font Info:    Font shape `OT1/lmss/bx/it' in size <5> not available
(Font)              Font shape `OT1/lmss/bx/sl' tried instead on input line 242.
<./Figures/TransferRadiatif.png, id=507, 835.12pt x 511.9125pt>
File: ./Figures/TransferRadiatif.png Graphic file (type png)
<use ./Figures/TransferRadiatif.png>
Package pdftex.def Info: ./Figures/TransferRadiatif.png  used on input line 242.
(pdftex.def)             Requested size: 170.71652pt x 104.64592pt.

Overfull \hbox (17.0716pt too wide) in paragraph at lines 242--242
 [] 
 []


Overfull \hbox (23.88118pt too wide) has occurred while \output is active
 [][][][]  
 []

[11

 <c:/Users/Roussel/Dropbox/Unistra/SEMESTRE 2/Projet & Stage/Inverse/REPO_2D/doc/presentation/./Figures/TransferRadiatif.png>]
LaTeX Font Info:    Font shape `OT1/lmss/b/n' in size <8> not available
(Font)              Font shape `OT1/lmss/bx/n' tried instead on input line 266.
LaTeX Font Info:    Font shape `OT1/lmss/b/n' in size <6> not available
(Font)              Font shape `OT1/lmss/bx/n' tried instead on input line 266.
LaTeX Font Info:    Font shape `OT1/lmss/b/n' in size <5> not available
(Font)              Font shape `OT1/lmss/bx/n' tried instead on input line 266.

Overfull \hbox (22.20515pt too wide) detected at line 266
[]
 []

LaTeX Font Info:    Font shape `OT1/lmss/b/n' in size <10.95> not available
(Font)              Font shape `OT1/lmss/bx/n' tried instead on input line 266.

Overfull \hbox (23.88118pt too wide) has occurred while \output is active
 [][][][]  
 []

[12

]
LaTeX Font Info:    External font `lmex10' loaded for size
(Font)              <12> on input line 289.
LaTeX Font Info:    Font shape `OT1/lmss/m/it' in size <12> not available
(Font)              Font shape `OT1/lmss/m/sl' tried instead on input line 289.
LaTeX Font Info:    Font shape `OT1/lmss/bx/it' in size <12> not available
(Font)              Font shape `OT1/lmss/bx/sl' tried instead on input line 289.
LaTeX Font Info:    Font shape `OT1/lmss/b/n' in size <12> not available
(Font)              Font shape `OT1/lmss/bx/n' tried instead on input line 289.

Overfull \hbox (23.88118pt too wide) has occurred while \output is active
 [][][][]  
 []

[13

]
<./Figures/Dicretisation2D.png, id=661, 314.17375pt x 244.915pt>
File: ./Figures/Dicretisation2D.png Graphic file (type png)
<use ./Figures/Dicretisation2D.png>
Package pdftex.def Info: ./Figures/Dicretisation2D.png  used on input line 330.
(pdftex.def)             Requested size: 128.0374pt x 99.81038pt.
LaTeX Font Info:    External font `lmex10' loaded for size
(Font)              <14.4> on input line 330.
LaTeX Font Info:    External font `lmex10' loaded for size
(Font)              <10> on input line 330.
LaTeX Font Info:    External font `lmex10' loaded for size
(Font)              <7> on input line 330.
LaTeX Font Info:    Font shape `OT1/lmss/m/it' in size <14.4> not available
(Font)              Font shape `OT1/lmss/m/sl' tried instead on input line 330.
LaTeX Font Info:    Font shape `OT1/lmss/m/it' in size <10> not available
(Font)              Font shape `OT1/lmss/m/sl' tried instead on input line 330.
LaTeX Font Info:    Font shape `OT1/lmss/m/it' in size <7> not available
(Font)              Font shape `OT1/lmss/m/sl' tried instead on input line 330.
LaTeX Font Info:    Font shape `OT1/lmss/bx/it' in size <14.4> not available
(Font)              Font shape `OT1/lmss/bx/sl' tried instead on input line 330.
LaTeX Font Info:    Font shape `OT1/lmss/bx/it' in size <10> not available
(Font)              Font shape `OT1/lmss/bx/sl' tried instead on input line 330.
LaTeX Font Info:    Font shape `OT1/lmss/bx/it' in size <7> not available
(Font)              Font shape `OT1/lmss/bx/sl' tried instead on input line 330.
LaTeX Font Info:    Font shape `OT1/lmss/b/n' in size <14.4> not available
(Font)              Font shape `OT1/lmss/bx/n' tried instead on input line 330.
LaTeX Font Info:    Font shape `OT1/lmss/b/n' in size <10> not available
(Font)              Font shape `OT1/lmss/bx/n' tried instead on input line 330.
LaTeX Font Info:    Font shape `OT1/lmss/b/n' in size <7> not available
(Font)              Font shape `OT1/lmss/bx/n' tried instead on input line 330.

Overfull \hbox (23.88118pt too wide) has occurred while \output is active
 [][][][]  
 []

[14

 <c:/Users/Roussel/Dropbox/Unistra/SEMESTRE 2/Projet & Stage/Inverse/REPO_2D/doc/presentation/./Figures/Dicretisation2D.png>]
<./Figures/Interaction2D.png, id=711, 364.36125pt x 123.46124pt>
File: ./Figures/Interaction2D.png Graphic file (type png)
<use ./Figures/Interaction2D.png>
Package pdftex.def Info: ./Figures/Interaction2D.png  used on input line 380.
(pdftex.def)             Requested size: 142.26378pt x 48.20432pt.

Overfull \hbox (19.34972pt too wide) in paragraph at lines 380--380
 [] 
 []


Overfull \hbox (44.76884pt too wide) detected at line 380
[]
 []


Overfull \hbox (23.88118pt too wide) has occurred while \output is active
 [][][][]  
 []

[15

 <c:/Users/Roussel/Dropbox/Unistra/SEMESTRE 2/Projet & Stage/Inverse/REPO_2D/doc/presentation/./Figures/Interaction2D.png>]
<./Figures/SimuCFG.png, id=759, 344.78813pt x 377.91188pt>
File: ./Figures/SimuCFG.png Graphic file (type png)
<use ./Figures/SimuCFG.png>
Package pdftex.def Info: ./Figures/SimuCFG.png  used on input line 411.
(pdftex.def)             Requested size: 128.0374pt x 140.33841pt.

Overfull \hbox (5.12334pt too wide) in paragraph at lines 411--411
[][]  
 []


Overfull \hbox (23.88118pt too wide) has occurred while \output is active
 [][][][]  
 []

[16

 <c:/Users/Roussel/Dropbox/Unistra/SEMESTRE 2/Projet & Stage/Inverse/REPO_2D/doc/presentation/./Figures/SimuCFG.png>] (c:/Users/Roussel/Dropbox/Unistra/SEMESTRE 2/Projet & Stage/Inverse/REPO_2D/doc/presentation/Chapters/Chapter5.tex
Overfull \hbox (23.88118pt too wide) has occurred while \output is active
 [][][][]  
 []

[17

])
\tf@nav=\write6
\openout6 = `main.nav'.

\tf@toc=\write7
\openout7 = `main.toc'.

\tf@snm=\write8
\openout8 = `main.snm'.

Package atveryend Info: Empty hook `BeforeClearDocument' on input line 453.
Package atveryend Info: Empty hook `AfterLastShipout' on input line 453.
 (c:/Users/Roussel/Dropbox/Unistra/SEMESTRE 2/Projet & Stage/Inverse/REPO_2D/doc/presentation/main.aux)
Package atveryend Info: Executing hook `AtVeryEndDocument' on input line 453.
Package atveryend Info: Executing hook `AtEndAfterFileList' on input line 453.
Package rerunfilecheck Info: File `main.out' has not changed.
(rerunfilecheck)             Checksum: 50F5DA2806DDF55D0AE9867540619636;936.
 ) 
Here is how much of TeX's memory you used:
 23188 strings out of 480893
 469818 string characters out of 5905096
 737395 words of memory out of 5000000
 38181 multiletter control sequences out of 15000+600000
 679300 words of font info for 140 fonts, out of 8000000 for 9000
 1141 hyphenation exceptions out of 8191
 63i,19n,67p,865b,1232s stack positions out of 5000i,500n,10000p,200000b,80000s
{d:/Program Files/texlive/2020/texmf-dist/fonts/enc/dvips/lm/lm-mathit.enc}{d:/Program Files/texlive/2020/texmf-dist/fonts/enc/dvips/lm/lm-mathsy.enc}{d:/Program Files/texlive/2020/texmf-dist/fonts/enc/dvips/lm/lm-rm.enc}{d:/Program Files/texlive/2020/texmf-dist/fonts/enc/dvips/lm/lm-mathex.enc}<d:/Program Files/texlive/2020/texmf-dist/fonts/type1/public/lm/lmbsy10.pfb><d:/Program Files/texlive/2020/texmf-dist/fonts/type1/public/lm/lmbsy7.pfb><d:/Program Files/texlive/2020/texmf-dist/fonts/type1/public/lm/lmbx10.pfb><d:/Program Files/texlive/2020/texmf-dist/fonts/type1/public/lm/lmbx8.pfb><d:/Program Files/texlive/2020/texmf-dist/fonts/type1/public/lm/lmbx9.pfb><d:/Program Files/texlive/2020/texmf-dist/fonts/type1/public/lm/lmex10.pfb><d:/Program Files/texlive/2020/texmf-dist/fonts/type1/public/lm/lmmi10.pfb><d:/Program Files/texlive/2020/texmf-dist/fonts/type1/public/lm/lmmi12.pfb><d:/Program Files/texlive/2020/texmf-dist/fonts/type1/public/lm/lmmi5.pfb><d:/Program Files/texlive/2020/texmf-dist/fonts/type1/public/lm/lmmi6.pfb><d:/Program Files/texlive/2020/texmf-dist/fonts/type1/public/lm/lmmi8.pfb><d:/Program Files/texlive/2020/texmf-dist/fonts/type1/public/lm/lmmi9.pfb><d:/Program Files/texlive/2020/texmf-dist/fonts/type1/public/lm/lmmib10.pfb><d:/Program Files/texlive/2020/texmf-dist/fonts/type1/public/lm/lmss10.pfb><d:/Program Files/texlive/2020/texmf-dist/fonts/type1/public/lm/lmss12.pfb><d:/Program Files/texlive/2020/texmf-dist/fonts/type1/public/lm/lmss8.pfb><d:/Program Files/texlive/2020/texmf-dist/fonts/type1/public/lm/lmss9.pfb><d:/Program Files/texlive/2020/texmf-dist/fonts/type1/public/lm/lmssbx10.pfb><d:/Program Files/texlive/2020/texmf-dist/fonts/type1/public/lm/lmsso10.pfb><d:/Program Files/texlive/2020/texmf-dist/fonts/type1/public/lm/lmsso12.pfb><d:/Program Files/texlive/2020/texmf-dist/fonts/type1/public/lm/lmsso8.pfb><d:/Program Files/texlive/2020/texmf-dist/fonts/type1/public/lm/lmsso9.pfb><d:/Program Files/texlive/2020/texmf-dist/fonts/type1/public/lm/lmsy10.pfb><d:/Program Files/texlive/2020/texmf-dist/fonts/type1/public/lm/lmsy5.pfb><d:/Program Files/texlive/2020/texmf-dist/fonts/type1/public/lm/lmsy6.pfb><d:/Program Files/texlive/2020/texmf-dist/fonts/type1/public/lm/lmsy7.pfb><d:/Program Files/texlive/2020/texmf-dist/fonts/type1/public/lm/lmsy8.pfb>
Output written on "c:/Users/Roussel/Dropbox/Unistra/SEMESTRE 2/Projet & Stage/Inverse/REPO_2D/doc/presentation/main.pdf" (17 pages, 531290 bytes).
PDF statistics:
 953 PDF objects out of 1000 (max. 8388607)
 861 compressed objects within 9 object streams
 53 named destinations out of 1000 (max. 500000)
 201 words of extra memory for PDF output out of 10000 (max. 10000000)

