\BOOKMARK [0][-]{section*.2}{\376\377\000R\000e\000m\000e\000r\000c\000i\000e\000m\000e\000n\000t\000s}{}% 1
\BOOKMARK [0][-]{chapter.6}{\376\377\000I\000n\000t\000r\000o\000d\000u\000c\000t\000i\000o\000n}{}% 2
\BOOKMARK [0][-]{chapter.10}{\376\377\000P\000r\000\351\000s\000e\000n\000t\000a\000t\000i\000o\000n\000\040\000d\000e\000\040\000l\000'\000I\000R\000M\000A}{}% 3
\BOOKMARK [1][-]{section.13}{\376\377\000S\000t\000r\000u\000c\000t\000u\000r\000e}{chapter.10}% 4
\BOOKMARK [1][-]{section.15}{\376\377\000L\000e\000s\000\040\000\351\000q\000u\000i\000p\000e\000s}{chapter.10}% 5
\BOOKMARK [0][-]{chapter.17}{\376\377\000S\000i\000m\000u\000l\000a\000t\000i\000o\000n\000\040\0002\000D}{}% 6
\BOOKMARK [1][-]{section.18}{\376\377\000L\000e\000\040\000t\000r\000a\000n\000s\000f\000e\000r\000t\000\040\000r\000a\000d\000i\000a\000t\000i\000f}{chapter.17}% 7
\BOOKMARK [1][-]{section.29}{\376\377\000S\000c\000h\000\351\000m\000a\000\040\000d\000e\000\040\000s\000p\000l\000i\000t\000t\000i\000n\000g}{chapter.17}% 8
\BOOKMARK [2][-]{subsection.31}{\376\377\000E\000t\000a\000p\000e\000\040\0001}{section.29}% 9
\BOOKMARK [2][-]{subsection.33}{\376\377\000E\000t\000a\000p\000e\000\040\0002}{section.29}% 10
\BOOKMARK [1][-]{section.39}{\376\377\000I\000m\000p\000l\000\351\000m\000e\000n\000t\000a\000t\000i\000o\000n\000\040\000e\000n\000\040\000C\000+\000+}{chapter.17}% 11
\BOOKMARK [2][-]{subsection.40}{\376\377\000C\000o\000n\000f\000i\000g\000u\000r\000a\000t\000i\000o\000n\000\040\000d\000u\000\040\000m\000o\000d\000\350\000l\000e}{section.39}% 12
\BOOKMARK [2][-]{subsection.42}{\376\377\000S\000a\000u\000v\000e\000g\000a\000r\000d\000e\000\040\000d\000e\000s\000\040\000d\000o\000n\000n\000\351\000e\000s}{section.39}% 13
\BOOKMARK [1][-]{section.44}{\376\377\000R\000\351\000s\000u\000l\000t\000a\000t\000s}{chapter.17}% 14
\BOOKMARK [0][-]{chapter.50}{\376\377\000A\000p\000p\000r\000e\000n\000t\000i\000s\000s\000a\000g\000e}{}% 15
\BOOKMARK [1][-]{section.54}{\376\377\000D\000e\000s\000c\000r\000i\000p\000t\000i\000o\000n\000\040\000d\000e\000s\000\040\000e\000n\000t\000r\000\351\000e\000s\000/\000s\000o\000r\000t\000i\000e\000s}{chapter.50}% 16
\BOOKMARK [2][-]{subsection.55}{\376\377\000E\000n\000\040\0001\000D}{section.54}% 17
\BOOKMARK [2][-]{subsection.58}{\376\377\000E\000n\000\040\0002\000D}{section.54}% 18
\BOOKMARK [1][-]{section.61}{\376\377\000A\000r\000c\000h\000i\000t\000e\000c\000t\000u\000r\000e\000\040\000g\000\351\000n\000\351\000r\000a\000l\000e}{chapter.50}% 19
\BOOKMARK [1][-]{section.71}{\376\377\000L\000e\000s\000\040\000c\000o\000u\000c\000h\000e\000s\000\040\000u\000t\000i\000l\000i\000s\000\351\000e\000s}{chapter.50}% 20
\BOOKMARK [2][-]{subsection.72}{\376\377\000L\000e\000s\000\040\000c\000o\000u\000c\000h\000e\000s\000\040\000d\000e\000\040\000c\000o\000n\000v\000o\000l\000u\000t\000i\000o\000n}{section.71}% 21
\BOOKMARK [2][-]{subsection.78}{\376\377\000L\000e\000\040\000m\000a\000x\000-\000p\000o\000o\000l\000i\000n\000g}{section.71}% 22
\BOOKMARK [2][-]{subsection.80}{\376\377\000F\000l\000a\000t\000t\000e\000n}{section.71}% 23
\BOOKMARK [2][-]{subsection.82}{\376\377\000L\000e\000s\000\040\000c\000o\000u\000c\000h\000e\000s\000\040\000d\000e\000n\000s\000e\000s}{section.71}% 24
\BOOKMARK [1][-]{section.84}{\376\377\000C\000o\000n\000f\000i\000g\000u\000r\000a\000t\000i\000o\000n\000s\000\040\000d\000e\000\040\000l\000'\000e\000n\000t\000r\000a\000i\000n\000e\000m\000e\000n\000t\000\040\000s\000o\000u\000s\000\040\000K\000e\000r\000a\000s}{chapter.50}% 25
\BOOKMARK [2][-]{subsection.85}{\376\377\000L\000e\000s\000\040\000h\000y\000p\000e\000r\000-\000p\000a\000r\000a\000m\000\350\000t\000r\000e\000s}{section.84}% 26
\BOOKMARK [2][-]{subsection.95}{\376\377\000L\000e\000s\000\040\000m\000\351\000t\000r\000i\000q\000u\000e\000s}{section.84}% 27
\BOOKMARK [1][-]{section.101}{\376\377\000R\000\351\000s\000u\000l\000t\000a\000t\000s}{chapter.50}% 28
\BOOKMARK [2][-]{subsection.103}{\376\377\000R\000\351\000g\000r\000e\000s\000s\000i\000o\000n}{section.101}% 29
\BOOKMARK [2][-]{subsection.117}{\376\377\000C\000l\000a\000s\000s\000i\000f\000i\000c\000a\000t\000i\000o\000n}{section.101}% 30
\BOOKMARK [0][-]{chapter.122}{\376\377\000B\000i\000l\000a\000n\000\040\000d\000u\000\040\000s\000t\000a\000g\000e}{}% 31
\BOOKMARK [1][-]{section.123}{\376\377\000R\000e\000s\000s\000o\000u\000r\000c\000e\000s\000\040\000u\000t\000i\000l\000i\000s\000\351\000e\000s}{chapter.122}% 32
\BOOKMARK [2][-]{subsection.124}{\376\377\000\311\000c\000r\000i\000t\000u\000r\000e\000\040\000d\000e\000\040\000c\000o\000d\000e}{section.123}% 33
\BOOKMARK [2][-]{subsection.125}{\376\377\000C\000o\000m\000m\000u\000n\000i\000c\000a\000t\000i\000o\000n}{section.123}% 34
\BOOKMARK [1][-]{section.126}{\376\377\000J\000o\000u\000r\000n\000a\000l\000\040\000d\000e\000\040\000b\000o\000r\000d}{chapter.122}% 35
\BOOKMARK [2][-]{subsection.127}{\376\377\000S\000e\000m\000a\000i\000n\000e\000s\000\040\0001\000\040\000e\000t\000\040\0002}{section.126}% 36
\BOOKMARK [2][-]{subsection.128}{\376\377\000S\000e\000m\000a\000i\000n\000e\000s\000\040\0003\000\040\000e\000t\000\040\0004}{section.126}% 37
\BOOKMARK [2][-]{subsection.129}{\376\377\000S\000e\000m\000a\000i\000n\000e\000s\000\040\0005\000\040\000e\000t\000\040\0006}{section.126}% 38
\BOOKMARK [2][-]{subsection.130}{\376\377\000S\000e\000m\000a\000i\000n\000e\000s\000\040\0007\000,\000\040\0008\000,\000\040\000e\000t\000\040\0009}{section.126}% 39
\BOOKMARK [1][-]{section.131}{\376\377\000D\000i\000f\000f\000i\000c\000u\000l\000t\000\351\000s\000\040\000r\000e\000n\000c\000o\000n\000t\000r\000\351\000e\000s\000\040\000e\000t\000\040\000s\000o\000l\000u\000t\000i\000o\000n\000s\000\040\000a\000p\000p\000o\000r\000t\000\351\000e\000s}{chapter.122}% 40
\BOOKMARK [2][-]{subsection.133}{\376\377\000A\000p\000p\000a\000r\000i\000t\000i\000o\000n\000\040\000d\000'\000u\000n\000\040\000c\000r\000\351\000n\000e\000a\000u\000\040\000i\000n\000d\000\351\000s\000i\000r\000a\000b\000l\000e}{section.131}% 41
\BOOKMARK [2][-]{subsection.134}{\376\377\000D\000e\000t\000e\000c\000t\000i\000o\000n\000\040\000d\000e\000\040\000l\000a\000\040\000p\000o\000s\000i\000t\000i\000o\000n\000\040\000d\000u\000\040\000c\000r\000e\000n\000a\000u}{section.131}% 42
\BOOKMARK [2][-]{subsection.135}{\376\377\000G\000e\000s\000t\000i\000o\000n\000\040\000d\000u\000\040\000t\000e\000m\000p\000s}{section.131}% 43
\BOOKMARK [1][-]{section.136}{\376\377\000L\000e\000s\000\040\000a\000p\000p\000o\000r\000t\000s\000\040\000d\000u\000\040\000s\000t\000a\000g\000e}{chapter.122}% 44
\BOOKMARK [2][-]{subsection.137}{\376\377\000E\000x\000p\000\351\000r\000i\000e\000n\000c\000e\000\040\000e\000n\000\040\000d\000\351\000v\000e\000l\000o\000p\000p\000e\000m\000e\000n\000t}{section.136}% 45
\BOOKMARK [2][-]{subsection.138}{\376\377\000\311\000q\000u\000a\000t\000i\000o\000n\000s\000\040\000a\000u\000x\000\040\000d\000\351\000r\000i\000v\000\351\000e\000s\000\040\000p\000a\000r\000t\000i\000e\000l\000l\000e\000s}{section.136}% 46
\BOOKMARK [2][-]{subsection.139}{\376\377\000R\000\351\000s\000e\000a\000u\000x\000\040\000d\000e\000\040\000n\000e\000u\000r\000o\000n\000e\000s}{section.136}% 47
\BOOKMARK [2][-]{subsection.140}{\376\377\000E\000x\000p\000\351\000r\000i\000e\000n\000c\000e\000\040\000d\000e\000\040\000r\000e\000c\000h\000e\000r\000c\000h\000e}{section.136}% 48
\BOOKMARK [0][-]{chapter.141}{\376\377\000C\000o\000n\000c\000l\000u\000s\000i\000o\000n}{}% 49
\BOOKMARK [0][-]{appendix.143}{\376\377\000C\000o\000m\000m\000e\000n\000t\000\040\000r\000e\000p\000r\000o\000d\000u\000i\000r\000e\000\040\000l\000e\000s\000\040\000r\000e\000s\000u\000l\000t\000a\000t\000s\040\057\000?}{}% 50
\BOOKMARK [1][-]{section.144}{\376\377\000E\000x\000\351\000c\000u\000t\000i\000o\000n\000\040\000d\000u\000\040\000c\000o\000d\000e\000\040\0001\000D\000/\0002\000D}{appendix.143}% 51
\BOOKMARK [1][-]{section.145}{\376\377\000L\000e\000c\000t\000u\000r\000e\000\040\000d\000u\000\040\000f\000o\000r\000m\000a\000t\000\040\000b\000i\000n\000a\000i\000r\000e}{appendix.143}% 52
\BOOKMARK [1][-]{section.146}{\376\377\000E\000x\000\351\000c\000u\000t\000i\000o\000n\000\040\000d\000e\000s\000\040\000n\000o\000t\000e\000b\000o\000o\000k\000s}{appendix.143}% 53
\BOOKMARK [0][-]{appendix.147}{\376\377\000C\000o\000m\000m\000e\000n\000t\000\040\000f\000a\000i\000r\000e\000\040\000d\000e\000s\000\040\000p\000r\000\351\000d\000i\000c\000t\000i\000o\000n\000s\000\040\000a\000v\000e\000c\000\040\000c\000e\000\040\000m\000o\000d\000\350\000l\000e\040\057\000?}{}% 54
\BOOKMARK [1][-]{section.148}{\376\377\000N\000o\000r\000m\000a\000l\000i\000s\000a\000t\000i\000o\000n\000\040\000d\000e\000s\000\040\000d\000o\000n\000n\000\351\000e\000s}{appendix.147}% 55
\BOOKMARK [1][-]{section.149}{\376\377\000C\000h\000a\000r\000g\000e\000m\000e\000n\000t\000\040\000d\000u\000\040\000m\000o\000d\000\350\000l\000e}{appendix.147}% 56
\BOOKMARK [1][-]{section.150}{\376\377\000E\000n\000t\000r\000a\000i\000n\000e\000r\000\040\000l\000e\000\040\000m\000o\000d\000e\000l\000e\000\040\000e\000n\000\040\000c\000o\000n\000t\000i\000n\000u}{appendix.147}% 57
